<?xml version="1.0" encoding="UTF-8"?>
<!-- Generated by org.testng.reporters.JUnitXMLReporter -->
<testsuite ignored="0" hostname="DESKTOP-6GME4C3" failures="0" tests="3" name="Default test" time="16.811" errors="0" timestamp="2021-09-02T15:57:32 IST">
  <testcase classname="TestNGpriority.Testng" name="test" time="2.501"/>
  <testcase classname="TestNGpriority.Testng" name="launchGoogle" time="5.799"/>
  <testcase classname="TestNGpriority.Testng" name="peformSeachAndClick1stLink" time="8.428"/>
</testsuite> <!-- Default test -->
