<?xml version="1.0" encoding="UTF-8"?>
<!-- Generated by org.testng.reporters.JUnitXMLReporter -->
<testsuite ignored="0" hostname="DESKTOP-6GME4C3" failures="0" tests="3" name="Default test" time="14.628" errors="0" timestamp="2021-09-03T16:58:34 IST">
  <testcase classname="TestNGpriority.Testng" name="test" time="3.058"/>
  <testcase classname="TestNGpriority.Testng" name="launchGoogle" time="2.857"/>
  <testcase classname="TestNGpriority.Testng" name="peformSeachAndClick1stLink" time="8.616"/>
</testsuite> <!-- Default test -->
