<?xml version="1.0" encoding="UTF-8"?>
<testng-results ignored="0" total="3" passed="3" failed="0" skipped="0">
  <reporter-output>
  </reporter-output>
  <suite started-at="2021-09-02T15:57:15 IST" name="Default suite" finished-at="2021-09-02T15:57:32 IST" duration-ms="16811">
    <groups>
    </groups>
    <test started-at="2021-09-02T15:57:15 IST" name="Default test" finished-at="2021-09-02T15:57:32 IST" duration-ms="16811">
      <class name="TestNGpriority.Testng">
        <test-method signature="test()[pri:1, instance:TestNGpriority.Testng@7a4ccb53]" started-at="2021-09-02T15:57:15 IST" name="test" finished-at="2021-09-02T15:57:18 IST" duration-ms="2501" status="PASS">
          <reporter-output>
          </reporter-output>
        </test-method> <!-- test -->
        <test-method signature="launchGoogle()[pri:2, instance:TestNGpriority.Testng@7a4ccb53]" started-at="2021-09-02T15:57:18 IST" name="launchGoogle" finished-at="2021-09-02T15:57:23 IST" duration-ms="5799" status="PASS">
          <reporter-output>
          </reporter-output>
        </test-method> <!-- launchGoogle -->
        <test-method signature="peformSeachAndClick1stLink()[pri:3, instance:TestNGpriority.Testng@7a4ccb53]" started-at="2021-09-02T15:57:23 IST" name="peformSeachAndClick1stLink" finished-at="2021-09-02T15:57:32 IST" duration-ms="8428" status="PASS">
          <reporter-output>
          </reporter-output>
        </test-method> <!-- peformSeachAndClick1stLink -->
      </class> <!-- TestNGpriority.Testng -->
    </test> <!-- Default test -->
  </suite> <!-- Default suite -->
</testng-results>
