<?xml version="1.0" encoding="UTF-8"?>
<testng-results ignored="0" total="3" passed="3" failed="0" skipped="0">
  <reporter-output>
  </reporter-output>
  <suite started-at="2021-09-03T16:58:19 IST" name="Default suite" finished-at="2021-09-03T16:58:34 IST" duration-ms="14628">
    <groups>
    </groups>
    <test started-at="2021-09-03T16:58:19 IST" name="Default test" finished-at="2021-09-03T16:58:34 IST" duration-ms="14628">
      <class name="TestNGpriority.Testng">
        <test-method signature="test()[pri:1, instance:TestNGpriority.Testng@7a4ccb53]" started-at="2021-09-03T16:58:19 IST" name="test" finished-at="2021-09-03T16:58:22 IST" duration-ms="3058" status="PASS">
          <reporter-output>
          </reporter-output>
        </test-method> <!-- test -->
        <test-method signature="launchGoogle()[pri:2, instance:TestNGpriority.Testng@7a4ccb53]" started-at="2021-09-03T16:58:22 IST" name="launchGoogle" finished-at="2021-09-03T16:58:25 IST" duration-ms="2857" status="PASS">
          <reporter-output>
          </reporter-output>
        </test-method> <!-- launchGoogle -->
        <test-method signature="peformSeachAndClick1stLink()[pri:3, instance:TestNGpriority.Testng@7a4ccb53]" started-at="2021-09-03T16:58:25 IST" name="peformSeachAndClick1stLink" finished-at="2021-09-03T16:58:34 IST" duration-ms="8616" status="PASS">
          <reporter-output>
          </reporter-output>
        </test-method> <!-- peformSeachAndClick1stLink -->
      </class> <!-- TestNGpriority.Testng -->
    </test> <!-- Default test -->
  </suite> <!-- Default suite -->
</testng-results>
